{
  "stats": {
    "suites": 1,
    "tests": 3,
    "passes": 2,
    "pending": 0,
    "failures": 1,
    "start": "2021-01-28T12:15:07.723Z",
    "end": "2021-01-28T12:15:08.399Z",
    "duration": 676,
    "testsRegistered": 3,
    "passPercent": 66.66666666666666,
    "pendingPercent": 0,
    "other": 0,
    "hasOther": false,
    "skipped": 0,
    "hasSkipped": false
  },
  "results": [
    {
      "uuid": "e5b13e5e-b0ef-4218-a0ce-3aa109b793be",
      "title": "",
      "fullFile": "cypress/integration/SC/testtwo.sc.spec.js",
      "file": "cypress/integration/SC/testtwo.sc.spec.js",
      "beforeHooks": [],
      "afterHooks": [],
      "tests": [],
      "suites": [
        {
          "uuid": "b483dd23-7270-4e69-9723-ea94d862568b",
          "title": "C Suite",
          "fullFile": "",
          "file": "",
          "beforeHooks": [],
          "afterHooks": [],
          "tests": [
            {
              "title": "Test one C",
              "fullTitle": "C Suite Test one C",
              "timedOut": null,
              "duration": 45,
              "state": "passed",
              "speed": "medium",
              "pass": true,
              "fail": false,
              "pending": false,
              "context": null,
              "code": "expect(5 + 4).to.equal(9);",
              "err": {},
              "uuid": "71637a97-4b2d-4991-b2fc-d2b6ed38cfa7",
              "parentUUID": "b483dd23-7270-4e69-9723-ea94d862568b",
              "isHook": false,
              "skipped": false
            },
            {
              "title": "Test Two C",
              "fullTitle": "C Suite Test Two C",
              "timedOut": null,
              "duration": 11,
              "state": "passed",
              "speed": "fast",
              "pass": true,
              "fail": false,
              "pending": false,
              "context": null,
              "code": "expect(5 + 4).to.equal(9);",
              "err": {},
              "uuid": "cf5ed066-b98c-454e-9556-21667521b5e4",
              "parentUUID": "b483dd23-7270-4e69-9723-ea94d862568b",
              "isHook": false,
              "skipped": false
            },
            {
              "title": "Test Three C",
              "fullTitle": "C Suite Test Three C",
              "timedOut": null,
              "duration": 535,
              "state": "failed",
              "speed": null,
              "pass": false,
              "fail": true,
              "pending": false,
              "context": null,
              "code": "expect(5 + 4).to.equal(8);",
              "err": {
                "message": "AssertionError: expected 9 to equal 8",
                "estack": "AssertionError: expected 9 to equal 8\n    at Context.eval (https://portal-prtlshared2.devint.superchoice.com.au/__cypress/tests?p=cypress/integration/SC/testtwo.sc.spec.js:107:22)",
                "diff": "- 9\n+ 8\n"
              },
              "uuid": "d498b225-d101-4b48-87ef-eb9be54f4391",
              "parentUUID": "b483dd23-7270-4e69-9723-ea94d862568b",
              "isHook": false,
              "skipped": false
            }
          ],
          "suites": [],
          "passes": [
            "71637a97-4b2d-4991-b2fc-d2b6ed38cfa7",
            "cf5ed066-b98c-454e-9556-21667521b5e4"
          ],
          "failures": [
            "d498b225-d101-4b48-87ef-eb9be54f4391"
          ],
          "pending": [],
          "skipped": [],
          "duration": 591,
          "root": false,
          "rootEmpty": false,
          "_timeout": 2000
        }
      ],
      "passes": [],
      "failures": [],
      "pending": [],
      "skipped": [],
      "duration": 0,
      "root": true,
      "rootEmpty": true,
      "_timeout": 2000
    }
  ],
  "meta": {
    "mocha": {
      "version": "7.0.1"
    },
    "mochawesome": {
      "options": {
        "quiet": false,
        "reportFilename": "mochawesome",
        "saveHtml": false,
        "saveJson": true,
        "consoleReporter": "spec",
        "useInlineDiffs": false,
        "code": true
      },
      "version": "6.2.1"
    },
    "marge": {
      "options": {
        "id": "default",
        "reportDir": "cypress/results/mochawesome",
        "overwrite": false,
        "html": false,
        "json": true
      },
      "version": "5.1.0"
    }
  }
}