{
  "stats": {
    "suites": 1,
    "tests": 1,
    "passes": 1,
    "pending": 0,
    "failures": 0,
    "start": "2021-01-30T06:02:25.952Z",
    "end": "2021-01-30T06:02:57.171Z",
    "duration": 31219,
    "testsRegistered": 1,
    "passPercent": 100,
    "pendingPercent": 0,
    "other": 0,
    "hasOther": false,
    "skipped": 0,
    "hasSkipped": false
  },
  "results": [
    {
      "uuid": "3404b898-edca-408e-bc1b-fd1c36b1e708",
      "title": "",
      "fullFile": "cypress/integration/SC/login.sc.spec.js",
      "file": "cypress/integration/SC/login.sc.spec.js",
      "beforeHooks": [],
      "afterHooks": [],
      "tests": [],
      "suites": [
        {
          "uuid": "5c80fa2c-a3e4-4147-8c4a-12cb3156fe3a",
          "title": "Suite Login test",
          "fullFile": "",
          "file": "",
          "beforeHooks": [],
          "afterHooks": [],
          "tests": [
            {
              "title": "Login form",
              "fullTitle": "Suite Login test Login form",
              "timedOut": null,
              "duration": 31203,
              "state": "passed",
              "speed": "slow",
              "pass": true,
              "fail": false,
              "pending": false,
              "context": null,
              "code": "_navigationCustodian.openCustodian.openCustodian(\"/mcsone\");\n_navigationCustodian.openCustodian.loginToCustodian(\"MCSONEUserOne\", \"&qsltd\");\n_navigationCustodian.openCustodian.uploadContributions(filepath);\n_generalUtilities.util.waitForElement('.widget-title.smaller');\n_exceptionPage.exception.selectFund('TRANSPORT');\n_exceptionPage.exception.popOver('#apply-state');\ncy.intercept('POST', '/grid-view-contr/datatable/paged/byDataFileId/*').as('todos'); // cy.intercept('POST', '**/paged/*', {fixture:'JSON/Gridresponse.json'})\ncy.get('.modal-dialog').find('#confirm-modal-cancel').click();\ncy.wait(3000); // cy.intercept('POST', '**/paged/**', (req) => {\n//   // https://portal-prtlshared2.devint.superchoice.com.au/grid-view-contr/datatable/paged/byDataFileId/744389?v=1611896275807\n//   if (req.url.search('?v=')) {\n//     req.alias = \"load5\"\n//   }\n// })\n// // cy.get('#load-users').click()\n// // cy.get('#load-five-users').click()\n// cy.wait('@load5') // the second request created this alias dynamically\n//   .its('response.body').should('not.be', null)\ncy.wait('@todos').its('response').and('have.property', 'body') // yields the \"response.body\"\n.then(function (body) {\n  // since we do not know the number of items\n  // just check if it is an array\n  //  cy.log(body)\n  // expect(body).deep.equal()\n  // cy.readFile('JSON/Gridresponse.json').should('deep.include', body)\n  // expect( body )\n  // .to.containSubset(cy.readFile('JSON/Gridresponse.json','utf8'));\n  console.log(); // expect('JSON/Gridresponse.json').to.be.a.jsonFile().and.to.be.jsonObj(body);\n});\n_navigationPage.onNavigationPage.historyPage();",
              "err": {},
              "uuid": "e20ddfa4-01e7-48c6-8427-722425961b1d",
              "parentUUID": "5c80fa2c-a3e4-4147-8c4a-12cb3156fe3a",
              "isHook": false,
              "skipped": false
            }
          ],
          "suites": [],
          "passes": [
            "e20ddfa4-01e7-48c6-8427-722425961b1d"
          ],
          "failures": [],
          "pending": [],
          "skipped": [],
          "duration": 31203,
          "root": false,
          "rootEmpty": false,
          "_timeout": 2000
        }
      ],
      "passes": [],
      "failures": [],
      "pending": [],
      "skipped": [],
      "duration": 0,
      "root": true,
      "rootEmpty": true,
      "_timeout": 2000
    }
  ],
  "meta": {
    "mocha": {
      "version": "7.0.1"
    },
    "mochawesome": {
      "options": {
        "quiet": false,
        "reportFilename": "mochawesome",
        "saveHtml": false,
        "saveJson": true,
        "consoleReporter": "spec",
        "useInlineDiffs": false,
        "code": true
      },
      "version": "6.2.1"
    },
    "marge": {
      "options": {
        "id": "default",
        "reportDir": "cypress/results/mochawesome",
        "overwrite": false,
        "html": false,
        "json": true
      },
      "version": "5.1.0"
    }
  }
}