{
  "stats": {
    "suites": 1,
    "tests": 2,
    "passes": 2,
    "pending": 0,
    "failures": 0,
    "start": "2021-01-28T12:23:12.454Z",
    "end": "2021-01-28T12:23:12.523Z",
    "duration": 69,
    "testsRegistered": 2,
    "passPercent": 100,
    "pendingPercent": 0,
    "other": 0,
    "hasOther": false,
    "skipped": 0,
    "hasSkipped": false
  },
  "results": [
    {
      "uuid": "337b7023-fa2b-4867-9640-17c216c2f0c0",
      "title": "",
      "fullFile": "cypress/integration/SC/testone.sc.spec.js",
      "file": "cypress/integration/SC/testone.sc.spec.js",
      "beforeHooks": [],
      "afterHooks": [],
      "tests": [],
      "suites": [
        {
          "uuid": "080797dc-3076-426b-b83c-5ae8f4dca95a",
          "title": "Test sute2",
          "fullFile": "",
          "file": "",
          "beforeHooks": [],
          "afterHooks": [],
          "tests": [
            {
              "title": "B Test one",
              "fullTitle": "Test sute2 B Test one",
              "timedOut": null,
              "duration": 35,
              "state": "passed",
              "speed": "fast",
              "pass": true,
              "fail": false,
              "pending": false,
              "context": null,
              "code": "expect(2 + 3).to.equal(5);",
              "err": {},
              "uuid": "a19a455e-2368-4ef6-bf3f-1d7bacd6ef11",
              "parentUUID": "080797dc-3076-426b-b83c-5ae8f4dca95a",
              "isHook": false,
              "skipped": false
            },
            {
              "title": "B Test two",
              "fullTitle": "Test sute2 B Test two",
              "timedOut": null,
              "duration": 15,
              "state": "passed",
              "speed": "fast",
              "pass": true,
              "fail": false,
              "pending": false,
              "context": null,
              "code": "expect(2 + 3).to.equal(5);",
              "err": {},
              "uuid": "db7dc302-e0c1-47fe-ac5b-f6f2a10686a8",
              "parentUUID": "080797dc-3076-426b-b83c-5ae8f4dca95a",
              "isHook": false,
              "skipped": false
            }
          ],
          "suites": [],
          "passes": [
            "a19a455e-2368-4ef6-bf3f-1d7bacd6ef11",
            "db7dc302-e0c1-47fe-ac5b-f6f2a10686a8"
          ],
          "failures": [],
          "pending": [],
          "skipped": [],
          "duration": 50,
          "root": false,
          "rootEmpty": false,
          "_timeout": 2000
        }
      ],
      "passes": [],
      "failures": [],
      "pending": [],
      "skipped": [],
      "duration": 0,
      "root": true,
      "rootEmpty": true,
      "_timeout": 2000
    }
  ],
  "meta": {
    "mocha": {
      "version": "7.0.1"
    },
    "mochawesome": {
      "options": {
        "quiet": false,
        "reportFilename": "mochawesome",
        "saveHtml": false,
        "saveJson": true,
        "consoleReporter": "spec",
        "useInlineDiffs": false,
        "code": true
      },
      "version": "6.2.1"
    },
    "marge": {
      "options": {
        "id": "default",
        "reportDir": "cypress/results/mochawesome",
        "overwrite": false,
        "html": false,
        "json": true
      },
      "version": "5.1.0"
    }
  }
}