{
  "stats": {
    "suites": 1,
    "tests": 2,
    "passes": 2,
    "pending": 0,
    "failures": 0,
    "start": "2021-01-28T12:13:01.007Z",
    "end": "2021-01-28T12:13:01.071Z",
    "duration": 64,
    "testsRegistered": 2,
    "passPercent": 100,
    "pendingPercent": 0,
    "other": 0,
    "hasOther": false,
    "skipped": 0,
    "hasSkipped": false
  },
  "results": [
    {
      "uuid": "1baf013b-21e4-4b58-aa04-5bc090ff2992",
      "title": "",
      "fullFile": "cypress/integration/SC/testone.sc.spec.js",
      "file": "cypress/integration/SC/testone.sc.spec.js",
      "beforeHooks": [],
      "afterHooks": [],
      "tests": [],
      "suites": [
        {
          "uuid": "6eea443c-cdfb-4618-a41e-da831bb2934a",
          "title": "Test sute2",
          "fullFile": "",
          "file": "",
          "beforeHooks": [],
          "afterHooks": [],
          "tests": [
            {
              "title": "B Test one",
              "fullTitle": "Test sute2 B Test one",
              "timedOut": null,
              "duration": 28,
              "state": "passed",
              "speed": "fast",
              "pass": true,
              "fail": false,
              "pending": false,
              "context": null,
              "code": "expect(2 + 3).to.equal(5);",
              "err": {},
              "uuid": "5a09c04b-5b56-444c-8945-a48494b82a34",
              "parentUUID": "6eea443c-cdfb-4618-a41e-da831bb2934a",
              "isHook": false,
              "skipped": false
            },
            {
              "title": "B Test two",
              "fullTitle": "Test sute2 B Test two",
              "timedOut": null,
              "duration": 11,
              "state": "passed",
              "speed": "fast",
              "pass": true,
              "fail": false,
              "pending": false,
              "context": null,
              "code": "expect(2 + 3).to.equal(5);",
              "err": {},
              "uuid": "eba190c8-c9f5-454b-81e3-e74ab195bdad",
              "parentUUID": "6eea443c-cdfb-4618-a41e-da831bb2934a",
              "isHook": false,
              "skipped": false
            }
          ],
          "suites": [],
          "passes": [
            "5a09c04b-5b56-444c-8945-a48494b82a34",
            "eba190c8-c9f5-454b-81e3-e74ab195bdad"
          ],
          "failures": [],
          "pending": [],
          "skipped": [],
          "duration": 39,
          "root": false,
          "rootEmpty": false,
          "_timeout": 2000
        }
      ],
      "passes": [],
      "failures": [],
      "pending": [],
      "skipped": [],
      "duration": 0,
      "root": true,
      "rootEmpty": true,
      "_timeout": 2000
    }
  ],
  "meta": {
    "mocha": {
      "version": "7.0.1"
    },
    "mochawesome": {
      "options": {
        "quiet": false,
        "reportFilename": "mochawesome",
        "saveHtml": false,
        "saveJson": true,
        "consoleReporter": "spec",
        "useInlineDiffs": false,
        "code": true
      },
      "version": "6.2.1"
    },
    "marge": {
      "options": {
        "id": "default",
        "reportDir": "cypress/results/mochawesome",
        "overwrite": false,
        "html": false,
        "json": true
      },
      "version": "5.1.0"
    }
  }
}