{
  "stats": {
    "suites": 1,
    "tests": 2,
    "passes": 2,
    "pending": 0,
    "failures": 0,
    "start": "2021-01-28T12:15:05.758Z",
    "end": "2021-01-28T12:15:05.977Z",
    "duration": 219,
    "testsRegistered": 2,
    "passPercent": 100,
    "pendingPercent": 0,
    "other": 0,
    "hasOther": false,
    "skipped": 0,
    "hasSkipped": false
  },
  "results": [
    {
      "uuid": "22582a2a-97f8-4b5b-9619-be5122519af7",
      "title": "",
      "fullFile": "cypress/integration/SC/testone.sc.spec.js",
      "file": "cypress/integration/SC/testone.sc.spec.js",
      "beforeHooks": [],
      "afterHooks": [],
      "tests": [],
      "suites": [
        {
          "uuid": "3e70b87a-a106-4b93-8ba5-3e437d0fb758",
          "title": "Test sute2",
          "fullFile": "",
          "file": "",
          "beforeHooks": [],
          "afterHooks": [],
          "tests": [
            {
              "title": "B Test one",
              "fullTitle": "Test sute2 B Test one",
              "timedOut": null,
              "duration": 151,
              "state": "passed",
              "speed": "slow",
              "pass": true,
              "fail": false,
              "pending": false,
              "context": null,
              "code": "expect(2 + 3).to.equal(5);",
              "err": {},
              "uuid": "6258022a-f467-4ca2-9ab7-5a4397b07049",
              "parentUUID": "3e70b87a-a106-4b93-8ba5-3e437d0fb758",
              "isHook": false,
              "skipped": false
            },
            {
              "title": "B Test two",
              "fullTitle": "Test sute2 B Test two",
              "timedOut": null,
              "duration": 27,
              "state": "passed",
              "speed": "fast",
              "pass": true,
              "fail": false,
              "pending": false,
              "context": null,
              "code": "expect(2 + 3).to.equal(5);",
              "err": {},
              "uuid": "0c0ab73f-9e9d-4121-95e0-e24b2cb51e83",
              "parentUUID": "3e70b87a-a106-4b93-8ba5-3e437d0fb758",
              "isHook": false,
              "skipped": false
            }
          ],
          "suites": [],
          "passes": [
            "6258022a-f467-4ca2-9ab7-5a4397b07049",
            "0c0ab73f-9e9d-4121-95e0-e24b2cb51e83"
          ],
          "failures": [],
          "pending": [],
          "skipped": [],
          "duration": 178,
          "root": false,
          "rootEmpty": false,
          "_timeout": 2000
        }
      ],
      "passes": [],
      "failures": [],
      "pending": [],
      "skipped": [],
      "duration": 0,
      "root": true,
      "rootEmpty": true,
      "_timeout": 2000
    }
  ],
  "meta": {
    "mocha": {
      "version": "7.0.1"
    },
    "mochawesome": {
      "options": {
        "quiet": false,
        "reportFilename": "mochawesome",
        "saveHtml": false,
        "saveJson": true,
        "consoleReporter": "spec",
        "useInlineDiffs": false,
        "code": true
      },
      "version": "6.2.1"
    },
    "marge": {
      "options": {
        "id": "default",
        "reportDir": "cypress/results/mochawesome",
        "overwrite": false,
        "html": false,
        "json": true
      },
      "version": "5.1.0"
    }
  }
}