{
  "stats": {
    "suites": 1,
    "tests": 1,
    "passes": 1,
    "pending": 0,
    "failures": 0,
    "start": "2021-01-30T06:02:25.858Z",
    "end": "2021-01-30T06:03:07.473Z",
    "duration": 41615,
    "testsRegistered": 1,
    "passPercent": 100,
    "pendingPercent": 0,
    "other": 0,
    "hasOther": false,
    "skipped": 0,
    "hasSkipped": false
  },
  "results": [
    {
      "uuid": "d60eeb7c-ad7f-469c-9998-8dfecee7317a",
      "title": "",
      "fullFile": "cypress/integration/SC/testone.sc.spec.js",
      "file": "cypress/integration/SC/testone.sc.spec.js",
      "beforeHooks": [],
      "afterHooks": [],
      "tests": [],
      "suites": [
        {
          "uuid": "00427f0b-d599-4de6-9da2-d6423b350aca",
          "title": "Test sute2",
          "fullFile": "",
          "file": "",
          "beforeHooks": [],
          "afterHooks": [],
          "tests": [
            {
              "title": "B Test two",
              "fullTitle": "Test sute2 B Test two",
              "timedOut": null,
              "duration": 41499,
              "state": "passed",
              "speed": "slow",
              "pass": true,
              "fail": false,
              "pending": false,
              "context": null,
              "code": "var qr = \"delete from empis_sys.PVS_MATCHING_EXCEPTION_MEMBER mem where mem.PVS_MEMBER_ID in (select m.PVS_MEMBER_ID from empis_sys.PVS_MEMBER m where m.PVS_EMPLOYER_EMPLOYEE_ID in (select ee.PVS_EMPLOYER_EMPLOYEE_ID from empis_sys.PVS_EMPLOYER_EMPLOYEE ee where PVS_EMPLOYER_ID in ( SELECT pvs_employer_id FROM empis_sys.pvs_employer where custodian_identifier='SHANTHSSO' )));\\n        delete from empis_sys.PVS_MATCHING_EXCEPTION me where me.PVS_INPUT_SOURCE_ID in (select pise.PVS_INPUT_SOURCE_ID from empis_sys.PVS_INPUT_SOURCE_EMPLOYER pise where PVS_EMPLOYER_ID in (  SELECT pvs_employer_id FROM empis_sys.pvs_employer where custodian_identifier='SHANTHSSO' ));\\n        delete from empis_sys.PVS_MEMBER_SYNC_REQUEST where PVS_CONTRIBUTION_ID in (select c.PVS_CONTRIBUTION_ID from empis_sys.PVS_CONTRIBUTION c where c.PVS_MEMBER_ID in (select m.PVS_MEMBER_ID from empis_sys.PVS_MEMBER m where m.PVS_EMPLOYER_EMPLOYEE_ID in (select ee.PVS_EMPLOYER_EMPLOYEE_ID from empis_sys.PVS_EMPLOYER_EMPLOYEE ee where PVS_EMPLOYER_ID in ( SELECT pvs_employer_id FROM empis_sys.pvs_employer where custodian_identifier='SHANTHSSO' ))));\\n        delete from empis_sys.pvs_member_response_history where \\n        pvs_validation_error_id in \\n        (select c.pvs_validation_error_id from empis_sys.pvs_validation_error c where c.PVS_CONTRIBUTION_ID in\\n        (select c.PVS_CONTRIBUTION_ID from empis_sys.PVS_CONTRIBUTION c where c.PVS_MEMBER_ID in \\n        (select m.PVS_MEMBER_ID from empis_sys.PVS_MEMBER m where m.PVS_EMPLOYER_EMPLOYEE_ID in \\n        (select ee.PVS_EMPLOYER_EMPLOYEE_ID from empis_sys.PVS_EMPLOYER_EMPLOYEE ee where PVS_EMPLOYER_ID in \\n        ( SELECT pvs_employer_id FROM empis_sys.pvs_employer where custodian_identifier='SHANTHSSO' )))));\\n        delete from empis_sys.pvs_member_response where \\n        pvs_validation_error_id in \\n        (select c.pvs_validation_error_id from empis_sys.pvs_validation_error c where c.PVS_CONTRIBUTION_ID in\\n        (select c.PVS_CONTRIBUTION_ID from empis_sys.PVS_CONTRIBUTION c where c.PVS_MEMBER_ID in \\n        (select m.PVS_MEMBER_ID from empis_sys.PVS_MEMBER m where m.PVS_EMPLOYER_EMPLOYEE_ID in \\n        (select ee.PVS_EMPLOYER_EMPLOYEE_ID from empis_sys.PVS_EMPLOYER_EMPLOYEE ee where PVS_EMPLOYER_ID in \\n        ( SELECT pvs_employer_id FROM empis_sys.pvs_employer where custodian_identifier='SHANTHSSO' )))));\\n        delete from empis_sys.PVS_VALIDATION_ERROR ve where ve.PVS_CONTRIBUTION_ID in (select c.PVS_CONTRIBUTION_ID from empis_sys.PVS_CONTRIBUTION c where c.PVS_MEMBER_ID in (select m.PVS_MEMBER_ID from empis_sys.PVS_MEMBER m where m.PVS_EMPLOYER_EMPLOYEE_ID in (select ee.PVS_EMPLOYER_EMPLOYEE_ID from empis_sys.PVS_EMPLOYER_EMPLOYEE ee where PVS_EMPLOYER_ID in ( SELECT pvs_employer_id FROM empis_sys.pvs_employer where custodian_identifier='SHANTHSSO' ))));\\n        delete from empis_sys.pvs_contribution_member_audit ve where ve.PVS_CONTRIBUTION_ID in (select c.PVS_CONTRIBUTION_ID from empis_sys.PVS_CONTRIBUTION c where c.PVS_MEMBER_ID in (select m.PVS_MEMBER_ID from empis_sys.PVS_MEMBER m where m.PVS_EMPLOYER_EMPLOYEE_ID in (select ee.PVS_EMPLOYER_EMPLOYEE_ID from empis_sys.PVS_EMPLOYER_EMPLOYEE ee where PVS_EMPLOYER_ID in ( SELECT pvs_employer_id FROM empis_sys.pvs_employer where custodian_identifier='SHANTHSSO' ))));\\n        delete from empis_sys.PVS_CONTRIBUTION_HISTORY ch where ch.PVS_CONTRIBUTION_ID in (select c.PVS_CONTRIBUTION_ID from empis_sys.PVS_CONTRIBUTION c where c.PVS_MEMBER_ID in (select m.PVS_MEMBER_ID from empis_sys.PVS_MEMBER m where m.PVS_EMPLOYER_EMPLOYEE_ID in (select ee.PVS_EMPLOYER_EMPLOYEE_ID from empis_sys.PVS_EMPLOYER_EMPLOYEE ee where PVS_EMPLOYER_ID in (  SELECT pvs_employer_id FROM empis_sys.pvs_employer where custodian_identifier='SHANTHSSO' ))));\\n        delete from empis_sys.PVS_CONTRIBUTION c where c.PVS_MEMBER_ID in (select m.PVS_MEMBER_ID from empis_sys.PVS_MEMBER m where m.PVS_EMPLOYER_EMPLOYEE_ID in (select ee.PVS_EMPLOYER_EMPLOYEE_ID from empis_sys.PVS_EMPLOYER_EMPLOYEE ee where PVS_EMPLOYER_ID in (  SELECT pvs_employer_id FROM empis_sys.pvs_employer where custodian_identifier='SHANTHSSO' )));\\n        delete from empis_sys.PVS_MEMBER_PARAMETER mp where mp.PVS_MEMBER_ID in (select m.PVS_MEMBER_ID from empis_sys.PVS_MEMBER m where m.PVS_EMPLOYER_EMPLOYEE_ID in (select ee.PVS_EMPLOYER_EMPLOYEE_ID from empis_sys.PVS_EMPLOYER_EMPLOYEE ee where PVS_EMPLOYER_ID in ( SELECT pvs_employer_id FROM empis_sys.pvs_employer where custodian_identifier='SHANTHSSO' )));\\n        delete from empis_sys.PVS_MEMBER_HISTORY mh where mh.PVS_MEMBER_ID in (select m.PVS_MEMBER_ID from empis_sys.PVS_MEMBER m where m.PVS_EMPLOYER_EMPLOYEE_ID in (select ee.PVS_EMPLOYER_EMPLOYEE_ID from empis_sys.PVS_EMPLOYER_EMPLOYEE ee where PVS_EMPLOYER_ID in (  SELECT pvs_employer_id FROM empis_sys.pvs_employer where custodian_identifier='SHANTHSSO' )));\\n        delete from empis_sys.PVS_MEMBER m where m.PVS_EMPLOYER_EMPLOYEE_ID in (select ee.PVS_EMPLOYER_EMPLOYEE_ID from empis_sys.PVS_EMPLOYER_EMPLOYEE ee where PVS_EMPLOYER_ID in ( SELECT pvs_employer_id FROM empis_sys.pvs_employer where custodian_identifier='SHANTHSSO' ));\\n        delete from empis_sys.PVS_EMPLOYER_EMPLOYEE_HISTORY eeh where eeh.PVS_EMPLOYER_EMPLOYEE_ID in (select ee.PVS_EMPLOYER_EMPLOYEE_ID from empis_sys.PVS_EMPLOYER_EMPLOYEE ee where PVS_EMPLOYER_ID in ( SELECT pvs_employer_id FROM empis_sys.pvs_employer where custodian_identifier='SHANTHSSO' ));\\n        delete from empis_sys.PVS_EMPLOYER_EMPLOYEE ee where PVS_EMPLOYER_ID in (  SELECT pvs_employer_id FROM empis_sys.pvs_employer where custodian_identifier='SHANTHSSO' );\\n        delete from empis_sys.PVS_INPUT_SOURCE_FILE_HISTORY pisfh where pisfh.PVS_INPUT_SOURCE_ID in (select pise.PVS_INPUT_SOURCE_ID from empis_sys.PVS_INPUT_SOURCE_EMPLOYER pise where PVS_EMPLOYER_ID in ( SELECT pvs_employer_id FROM empis_sys.pvs_employer where custodian_identifier='SHANTHSSO' ));\\n        delete from empis_sys.PVS_INPUT_SOURCE_FILE pisf where pisf.PVS_INPUT_SOURCE_ID in (select pise.PVS_INPUT_SOURCE_ID from empis_sys.PVS_INPUT_SOURCE_EMPLOYER pise where PVS_EMPLOYER_ID in ( SELECT pvs_employer_id FROM empis_sys.pvs_employer where custodian_identifier='SHANTHSSO' ));\\n        --delete from empis_sys.PVS_DATA_FILE_HISTORY where PVS_DATA_FILE_HISTORY_ID in (select df.PVS_DATA_FILE_ID from empis_sys.PVS_DATA_FILE df where df.PVS_DATA_FILE_ID in (select pisf.PVS_DATA_FILE_ID from empis_sys.PVS_INPUT_SOURCE_FILE pisf where pisf.PVS_INPUT_SOURCE_ID in (select pise.PVS_INPUT_SOURCE_ID from empis_sys.PVS_INPUT_SOURCE_EMPLOYER pise where PVS_EMPLOYER_ID in ( SELECT pvs_employer_id FROM empis_sys.pvs_employer where custodian_identifier='SHANTHSSO' ))));\\n        delete from empis_sys.PVS_DATA_FILE df where df.PVS_DATA_FILE_ID in (select pisf.PVS_DATA_FILE_ID from empis_sys.PVS_INPUT_SOURCE_FILE pisf where pisf.PVS_INPUT_SOURCE_ID in (select pise.PVS_INPUT_SOURCE_ID from empis_sys.PVS_INPUT_SOURCE_EMPLOYER pise where PVS_EMPLOYER_ID in ( SELECT pvs_employer_id FROM empis_sys.pvs_employer where custodian_identifier='SHANTHSSO' )));\\n        delete from empis_sys.PVS_INPUT_SOURCE_EMPLOYER where PVS_EMPLOYER_ID in ( SELECT pvs_employer_id FROM empis_sys.pvs_employer where custodian_identifier='SHANTHSSO' );\\n        delete from empis_sys.PVS_INPUT_SOURCE_SCHEDULE piss where piss.PVS_INPUT_SOURCE_ID in (select pise.PVS_INPUT_SOURCE_ID from empis_sys.PVS_INPUT_SOURCE_EMPLOYER pise where PVS_EMPLOYER_ID in ( SELECT pvs_employer_id FROM empis_sys.pvs_employer where custodian_identifier='SHANTHSSO' ));\\n        delete from empis_sys.PVS_INPUT_SOURCE_HISTORY where PVS_INPUT_SOURCE_ID in (select pis.PVS_INPUT_SOURCE_ID from empis_sys.PVS_INPUT_SOURCE pis where pis.PVS_INPUT_SOURCE_ID in (select pise.PVS_INPUT_SOURCE_ID from empis_sys.PVS_INPUT_SOURCE_EMPLOYER pise where PVS_EMPLOYER_ID in ( SELECT pvs_employer_id FROM empis_sys.pvs_employer where custodian_identifier='SHANTHSSO' )));\\n        delete from empis_sys.PVS_INPUT_SOURCE pis where pis.PVS_INPUT_SOURCE_ID in (select pise.PVS_INPUT_SOURCE_ID from empis_sys.PVS_INPUT_SOURCE_EMPLOYER pise where PVS_EMPLOYER_ID in ( SELECT pvs_employer_id FROM empis_sys.pvs_employer where custodian_identifier='SHANTHSSO' ));\\n        delete from empis_sys.PVS_MATCHING_EXCEPTION_MEMBER where updated_by_username = 'shanthsso-cust';\\n        delete from empis_sys.PVS_MATCHING_EXCEPTION me where updated_by_username = 'shanthsso-cust';\\n        delete from empis_sys.PVS_MEMBER_SYNC_REQUEST where PVS_CONTRIBUTION_ID in (select c.PVS_CONTRIBUTION_ID from empis_sys.PVS_CONTRIBUTION c where c.PVS_MEMBER_ID in (select m.PVS_MEMBER_ID from empis_sys.PVS_MEMBER m where m.PVS_EMPLOYER_EMPLOYEE_ID in (select ee.PVS_EMPLOYER_EMPLOYEE_ID from empis_sys.PVS_EMPLOYER_EMPLOYEE ee where PVS_EMPLOYER_ID in (select pvs_employer_id from empis_sys.pvs_employer where CUSTODIAN_IDENTIFIER ='SHANTHSSO'))));\\n        delete from pvs_contribution_member_audit  where PVS_CONTRIBUTION_ID in (select c.PVS_CONTRIBUTION_ID from empis_sys.PVS_CONTRIBUTION c where c.PVS_MEMBER_ID in (select m.PVS_MEMBER_ID from empis_sys.PVS_MEMBER m where m.PVS_EMPLOYER_EMPLOYEE_ID in (select ee.PVS_EMPLOYER_EMPLOYEE_ID from empis_sys.PVS_EMPLOYER_EMPLOYEE ee where PVS_EMPLOYER_ID in (select pvs_employer_id from empis_sys.pvs_employer where CUSTODIAN_IDENTIFIER ='SHANTHSSO'))));       \\n        delete from empis_sys.PVS_VALIDATION_ERROR ve where ve.PVS_CONTRIBUTION_ID in (select c.PVS_CONTRIBUTION_ID from empis_sys.PVS_CONTRIBUTION c where c.PVS_MEMBER_ID in (select m.PVS_MEMBER_ID from empis_sys.PVS_MEMBER m where m.PVS_EMPLOYER_EMPLOYEE_ID in (select ee.PVS_EMPLOYER_EMPLOYEE_ID from empis_sys.PVS_EMPLOYER_EMPLOYEE ee where PVS_EMPLOYER_ID in (select pvs_employer_id from empis_sys.pvs_employer where CUSTODIAN_IDENTIFIER ='SHANTHSSO'))));\\n        delete from empis_sys.PVS_CONTRIBUTION_HISTORY ch where updated_by_username = 'shanthsso-cust';\\n        delete from empis_sys.PVS_CONTRIBUTION c where updated_by_username = 'shanthsso-cust';\\n        delete from empis_sys.PVS_MEMBER_PARAMETER mp  where updated_by_username = 'shanthsso-cust';\\n        delete from empis_sys.PVS_MEMBER_HISTORY mh where updated_by_username = 'shanthsso-cust';\\n        delete from empis_sys.PVS_MEMBER m where updated_by_username = 'shanthsso-cust';\\n        delete from empis_sys.PVS_EMPLOYER_EMPLOYEE_HISTORY eeh where updated_by_username = 'shanthsso-cust';\\n        delete from empis_sys.PVS_EMPLOYER_EMPLOYEE ee where updated_by_username = 'shanthsso-cust';\\n        delete from empis_sys.PVS_INPUT_SOURCE_FILE_HISTORY pisfh where pisfh.PVS_INPUT_SOURCE_ID in (select PVS_INPUT_SOURCE_ID  from empis_sys.PVS_INPUT_SOURCE pis where updated_by_username = 'shanthsso-cust');\\n        delete from empis_sys.PVS_INPUT_SOURCE_FILE pisf  where pvs_data_file_id in  (select pvs_data_file_id from empis_sys.PVS_DATA_FILE df where updated_by_username = 'shanthsso-cust');\\n        delete from empis_sys.pvs_submission_history df where df.PVS_DATA_FILE_ID in (select pisf.PVS_DATA_FILE_ID from empis_sys.PVS_INPUT_SOURCE_FILE pisf where pisf.PVS_INPUT_SOURCE_ID in (select pise.PVS_INPUT_SOURCE_ID from empis_sys.PVS_INPUT_SOURCE_EMPLOYER pise where PVS_EMPLOYER_ID in ( SELECT pvs_employer_id FROM empis_sys.pvs_employer where custodian_identifier='SHANTHSSO' )));\\n        delete from empis_sys.pvs_submission df where df.PVS_DATA_FILE_ID in (select PVS_DATA_FILE_ID from empis_sys.pvs_data_file  where updated_by_username ='shanthsso-cust' );\\n        delete from empis_sys.pvs_submission df where df.PVS_DATA_FILE_ID in (select pisf.PVS_DATA_FILE_ID from empis_sys.PVS_INPUT_SOURCE_FILE pisf where pisf.PVS_INPUT_SOURCE_ID in (select pise.PVS_INPUT_SOURCE_ID from empis_sys.PVS_INPUT_SOURCE_EMPLOYER pise where PVS_EMPLOYER_ID in ( SELECT pvs_employer_id FROM empis_sys.pvs_employer where custodian_identifier='SHANTHSSO' )));\\n        delete from empis_sys.PVS_DATA_FILE df where updated_by_username = 'shanthsso-cust';\\n        delete from empis_sys.PVS_INPUT_SOURCE_EMPLOYER where updated_by_username = 'shanthsso-cust';\\n        delete from empis_sys.PVS_INPUT_SOURCE_SCHEDULE piss where piss.PVS_INPUT_SOURCE_ID in (select PVS_INPUT_SOURCE_ID  from empis_sys.PVS_INPUT_SOURCE pis where updated_by_username = 'shanthsso-cust');\\n        delete from empis_sys.PVS_INPUT_SOURCE_HISTORY  where updated_by_username = 'shanthsso-cust';\";\nqr.replace('shanthsso-cust', 'shanthsso-cust').replace('SHANTHSSO', 'SHANTHSSO'); //     cy.task(`SELECT 'test' FROM 'Test'`)\n//   .then(results => {\n//     expect(results).to.have.lengthOf(1)\n//   })\n// cy.task(\"dbQuery\", {\"query\":\"SELECT * FROM empis_sys.cs_custodian where custodian_id=8121\", \"connection\":connection}).then(queryResponse => {\n//     expect(queryResponse).to.be.include([ { custodian_id: \"8121\" } ]) \n//     // console.log(queryResponse)\n//   });\ncy.postgreSQL(qr).then(function (resp) {\n  console.log(resp);\n}); // cy.task('queryDb','SELECT * FROM empis_sys.cs_custodian where custodian_id=8121').then((resp) => {\n//     console.log(resp.rows)\n//   })\nexpect(2 + 3).to.equal(5);",
              "err": {},
              "uuid": "f55f8325-c811-4b99-9545-f0aa14243886",
              "parentUUID": "00427f0b-d599-4de6-9da2-d6423b350aca",
              "isHook": false,
              "skipped": false
            }
          ],
          "suites": [],
          "passes": [
            "f55f8325-c811-4b99-9545-f0aa14243886"
          ],
          "failures": [],
          "pending": [],
          "skipped": [],
          "duration": 41499,
          "root": false,
          "rootEmpty": false,
          "_timeout": 2000
        }
      ],
      "passes": [],
      "failures": [],
      "pending": [],
      "skipped": [],
      "duration": 0,
      "root": true,
      "rootEmpty": true,
      "_timeout": 2000
    }
  ],
  "meta": {
    "mocha": {
      "version": "7.0.1"
    },
    "mochawesome": {
      "options": {
        "quiet": false,
        "reportFilename": "mochawesome",
        "saveHtml": false,
        "saveJson": true,
        "consoleReporter": "spec",
        "useInlineDiffs": false,
        "code": true
      },
      "version": "6.2.1"
    },
    "marge": {
      "options": {
        "id": "default",
        "reportDir": "cypress/results/mochawesome",
        "overwrite": false,
        "html": false,
        "json": true
      },
      "version": "5.1.0"
    }
  }
}