{
  "stats": {
    "suites": 1,
    "tests": 3,
    "passes": 1,
    "pending": 0,
    "failures": 2,
    "start": "2021-01-28T12:23:16.665Z",
    "end": "2021-01-28T12:23:17.655Z",
    "duration": 990,
    "testsRegistered": 3,
    "passPercent": 33.33333333333333,
    "pendingPercent": 0,
    "other": 0,
    "hasOther": false,
    "skipped": 0,
    "hasSkipped": false
  },
  "results": [
    {
      "uuid": "f585ccc1-0bc3-4131-840f-b7f6124054c1",
      "title": "",
      "fullFile": "cypress/integration/SC/testtwo.sc.spec.js",
      "file": "cypress/integration/SC/testtwo.sc.spec.js",
      "beforeHooks": [],
      "afterHooks": [],
      "tests": [],
      "suites": [
        {
          "uuid": "c6756cdb-1a99-4cdd-93f9-0f8c611e05c0",
          "title": "C Suite",
          "fullFile": "",
          "file": "",
          "beforeHooks": [],
          "afterHooks": [],
          "tests": [
            {
              "title": "Test one C",
              "fullTitle": "C Suite Test one C",
              "timedOut": null,
              "duration": 72,
              "state": "passed",
              "speed": "medium",
              "pass": true,
              "fail": false,
              "pending": false,
              "context": null,
              "code": "expect(5 + 4).to.equal(9);",
              "err": {},
              "uuid": "e36cc8af-b536-4225-bb49-f18f6913cd6e",
              "parentUUID": "c6756cdb-1a99-4cdd-93f9-0f8c611e05c0",
              "isHook": false,
              "skipped": false
            },
            {
              "title": "Test Two C",
              "fullTitle": "C Suite Test Two C",
              "timedOut": null,
              "duration": 372,
              "state": "failed",
              "speed": null,
              "pass": false,
              "fail": true,
              "pending": false,
              "context": null,
              "code": "expect(5 + 4).to.equal(90);",
              "err": {
                "message": "AssertionError: expected 9 to equal 90",
                "estack": "AssertionError: expected 9 to equal 90\n    at Context.eval (https://portal-prtlshared2.devint.superchoice.com.au/__cypress/tests?p=cypress/integration/SC/testtwo.sc.spec.js:104:22)",
                "diff": "- 9\n+ 90\n"
              },
              "uuid": "4a978949-aecb-46c4-b32c-dd73d98afffa",
              "parentUUID": "c6756cdb-1a99-4cdd-93f9-0f8c611e05c0",
              "isHook": false,
              "skipped": false
            },
            {
              "title": "Test Three C",
              "fullTitle": "C Suite Test Three C",
              "timedOut": null,
              "duration": 475,
              "state": "failed",
              "speed": null,
              "pass": false,
              "fail": true,
              "pending": false,
              "context": null,
              "code": "expect(5 + 4).to.equal(8);",
              "err": {
                "message": "AssertionError: expected 9 to equal 8",
                "estack": "AssertionError: expected 9 to equal 8\n    at Context.eval (https://portal-prtlshared2.devint.superchoice.com.au/__cypress/tests?p=cypress/integration/SC/testtwo.sc.spec.js:107:22)",
                "diff": "- 9\n+ 8\n"
              },
              "uuid": "5d209235-10e2-4efa-ab60-38959f432292",
              "parentUUID": "c6756cdb-1a99-4cdd-93f9-0f8c611e05c0",
              "isHook": false,
              "skipped": false
            }
          ],
          "suites": [],
          "passes": [
            "e36cc8af-b536-4225-bb49-f18f6913cd6e"
          ],
          "failures": [
            "4a978949-aecb-46c4-b32c-dd73d98afffa",
            "5d209235-10e2-4efa-ab60-38959f432292"
          ],
          "pending": [],
          "skipped": [],
          "duration": 919,
          "root": false,
          "rootEmpty": false,
          "_timeout": 2000
        }
      ],
      "passes": [],
      "failures": [],
      "pending": [],
      "skipped": [],
      "duration": 0,
      "root": true,
      "rootEmpty": true,
      "_timeout": 2000
    }
  ],
  "meta": {
    "mocha": {
      "version": "7.0.1"
    },
    "mochawesome": {
      "options": {
        "quiet": false,
        "reportFilename": "mochawesome",
        "saveHtml": false,
        "saveJson": true,
        "consoleReporter": "spec",
        "useInlineDiffs": false,
        "code": true
      },
      "version": "6.2.1"
    },
    "marge": {
      "options": {
        "id": "default",
        "reportDir": "cypress/results/mochawesome",
        "overwrite": false,
        "html": false,
        "json": true
      },
      "version": "5.1.0"
    }
  }
}