{
  "stats": {
    "suites": 1,
    "tests": 2,
    "passes": 2,
    "pending": 0,
    "failures": 0,
    "start": "2021-01-28T12:21:30.977Z",
    "end": "2021-01-28T12:21:31.094Z",
    "duration": 117,
    "testsRegistered": 2,
    "passPercent": 100,
    "pendingPercent": 0,
    "other": 0,
    "hasOther": false,
    "skipped": 0,
    "hasSkipped": false
  },
  "results": [
    {
      "uuid": "10a49d11-5a8c-4565-b58d-7a1a82ca2320",
      "title": "",
      "fullFile": "cypress/integration/SC/testone.sc.spec.js",
      "file": "cypress/integration/SC/testone.sc.spec.js",
      "beforeHooks": [],
      "afterHooks": [],
      "tests": [],
      "suites": [
        {
          "uuid": "8ad96657-e750-4c8e-9887-90a192b06333",
          "title": "Test sute2",
          "fullFile": "",
          "file": "",
          "beforeHooks": [],
          "afterHooks": [],
          "tests": [
            {
              "title": "B Test one",
              "fullTitle": "Test sute2 B Test one",
              "timedOut": null,
              "duration": 49,
              "state": "passed",
              "speed": "medium",
              "pass": true,
              "fail": false,
              "pending": false,
              "context": null,
              "code": "expect(2 + 3).to.equal(5);",
              "err": {},
              "uuid": "b0b4c022-5874-4923-8abe-4019dba5b909",
              "parentUUID": "8ad96657-e750-4c8e-9887-90a192b06333",
              "isHook": false,
              "skipped": false
            },
            {
              "title": "B Test two",
              "fullTitle": "Test sute2 B Test two",
              "timedOut": null,
              "duration": 32,
              "state": "passed",
              "speed": "fast",
              "pass": true,
              "fail": false,
              "pending": false,
              "context": null,
              "code": "expect(2 + 3).to.equal(5);",
              "err": {},
              "uuid": "0ac4cf28-9d49-4c4c-be80-777ac67a3871",
              "parentUUID": "8ad96657-e750-4c8e-9887-90a192b06333",
              "isHook": false,
              "skipped": false
            }
          ],
          "suites": [],
          "passes": [
            "b0b4c022-5874-4923-8abe-4019dba5b909",
            "0ac4cf28-9d49-4c4c-be80-777ac67a3871"
          ],
          "failures": [],
          "pending": [],
          "skipped": [],
          "duration": 81,
          "root": false,
          "rootEmpty": false,
          "_timeout": 2000
        }
      ],
      "passes": [],
      "failures": [],
      "pending": [],
      "skipped": [],
      "duration": 0,
      "root": true,
      "rootEmpty": true,
      "_timeout": 2000
    }
  ],
  "meta": {
    "mocha": {
      "version": "7.0.1"
    },
    "mochawesome": {
      "options": {
        "quiet": false,
        "reportFilename": "mochawesome",
        "saveHtml": false,
        "saveJson": true,
        "consoleReporter": "spec",
        "useInlineDiffs": false,
        "code": true
      },
      "version": "6.2.1"
    },
    "marge": {
      "options": {
        "id": "default",
        "reportDir": "cypress/results/mochawesome",
        "overwrite": false,
        "html": false,
        "json": true
      },
      "version": "5.1.0"
    }
  }
}