{
  "stats": {
    "suites": 1,
    "tests": 1,
    "passes": 0,
    "pending": 0,
    "failures": 1,
    "start": "2021-02-16T11:37:43.872Z",
    "end": "2021-02-16T11:39:54.174Z",
    "duration": 130302,
    "testsRegistered": 1,
    "passPercent": 0,
    "pendingPercent": 0,
    "other": 1,
    "hasOther": true,
    "skipped": 0,
    "hasSkipped": false
  },
  "results": [
    {
      "uuid": "35a921eb-3390-45c3-b320-5c375c2d256f",
      "title": "",
      "fullFile": "cypress/tests/integration/login.feature",
      "file": "cypress/tests/integration/login.feature",
      "beforeHooks": [],
      "afterHooks": [],
      "tests": [],
      "suites": [
        {
          "uuid": "3db649d9-b5b3-40f2-81d8-e466c009312f",
          "title": "Login and upload file in the Employer Portal",
          "fullFile": "",
          "file": "",
          "beforeHooks": [],
          "afterHooks": [],
          "tests": [
            {
              "title": "Scenario Outline name: Upload file and delete file from Grid (example #1)",
              "fullTitle": "Login and upload file in the Employer Portal Scenario Outline name: Upload file and delete file from Grid (example #1)",
              "timedOut": null,
              "duration": 60854,
              "state": "failed",
              "speed": null,
              "pass": false,
              "fail": true,
              "pending": false,
              "context": null,
              "code": "const state = window.testState;\nreturn cy\n  .then(() => state.onStartScenario(scenario, indexedSteps))\n  .then(() =>\n    resolveAndRunBeforeHooks.call(this, scenario.tags, state.feature.name)\n  )\n  .then(() =>\n    indexedSteps.forEach((step) =>\n      stepTest.call(this, state, step, rowData)\n    )\n  )\n  .then(() =>\n    resolveAndRunAfterHooks.call(this, scenario.tags, state.feature.name)\n  )\n  .then(() => state.onFinishScenario(scenario));",
              "err": {
                "message": "CypressError: Cypress command timeout of `60000ms` exceeded.\n\nBecause this error occurred during a `after all` hook we are skipping the remaining tests in the current suite: `Login and upload file in th...`",
                "estack": "CypressError: Cypress command timeout of `60000ms` exceeded.\n\nBecause this error occurred during a `after all` hook we are skipping the remaining tests in the current suite: `Login and upload file in th...`\n    at cypressErr (https://portal-prtlshared.devint.superchoice.com.au/__cypress/runner/cypress_runner.js:174135:18)\n    at Object.errByPath (https://portal-prtlshared.devint.superchoice.com.au/__cypress/runner/cypress_runner.js:174186:10)\n    at https://portal-prtlshared.devint.superchoice.com.au/__cypress/runner/cypress_runner.js:175780:29",
                "diff": null
              },
              "uuid": "1695654e-9841-4511-a5c8-e1f824fb68b3",
              "parentUUID": "3db649d9-b5b3-40f2-81d8-e466c009312f",
              "isHook": false,
              "skipped": false
            }
          ],
          "suites": [],
          "passes": [],
          "failures": [
            "1695654e-9841-4511-a5c8-e1f824fb68b3"
          ],
          "pending": [],
          "skipped": [],
          "duration": 60854,
          "root": false,
          "rootEmpty": false,
          "_timeout": 2000
        }
      ],
      "passes": [],
      "failures": [],
      "pending": [],
      "skipped": [],
      "duration": 0,
      "root": true,
      "rootEmpty": true,
      "_timeout": 2000
    }
  ],
  "meta": {
    "mocha": {
      "version": "7.0.1"
    },
    "mochawesome": {
      "options": {
        "quiet": false,
        "reportFilename": "mochawesome",
        "saveHtml": false,
        "saveJson": true,
        "consoleReporter": "spec",
        "useInlineDiffs": false,
        "code": true
      },
      "version": "6.2.1"
    },
    "marge": {
      "options": {
        "id": "default",
        "reportDir": "cypress/results/mochawesome",
        "overwrite": false,
        "html": false,
        "json": true
      },
      "version": "5.1.0"
    }
  }
}