<?xml version="1.0" encoding="UTF-8"?>
<testsuites name="Mocha Tests" time="24.5520" tests="1" failures="0">
  <testsuite name="Root Suite" timestamp="2021-02-16T12:45:32" tests="0" file="cypress/tests/integration/login.feature" time="0.0000" failures="0">
  </testsuite>
  <testsuite name="Login and upload file in the Employer Portal" timestamp="2021-02-16T12:45:32" tests="1" time="24.5520" failures="0">
    <testcase name="Login and upload file in the Employer Portal Scenario Outline name: Upload file and delete file from Grid (example #1)" time="24.5520" classname="Scenario Outline name: Upload file and delete file from Grid (example #1)">
    </testcase>
  </testsuite>
</testsuites>